
SF:contracts/extensions/ccd016-swap-vault-mia-v2.clar
FN:192,is-dao-or-extension
FN:201,callback
FN:207,set-no-pyth-slippage-bps
FN:215,set-window-blocks
FN:223,set-leeway-bps
FN:231,set-slippage-bps
FN:239,set-max-chunk-sats
FN:247,set-dia-band-bps
FN:255,set-router-cooldown
FN:664,sbtc-balance
FN:594,is-empty
FN:674,close-if-empty
FN:267,dao-recall-sbtc
FN:735,reclaim-core
FN:279,dao-reclaim
FN:669,open-window
FN:293,fund-from-treasury
FN:318,close-batch
FN:331,fuel-fair-book
FN:699,ask-of
FN:619,get-dia-value
FN:637,get-dia-price
FN:682,current-mid
FN:648,window-open
FN:727,check-amount
FN:351,jing-place
FN:703,floor-of
FN:707,phase-limit
FN:375,jing-refloor
FN:655,window-elapsed
FN:398,jing-take
FN:425,jing-reclaim
FN:715,floor-out
FN:720,cooldown-tick
FN:437,router-swap
FN:474,router-swap-split
FN:608,get-no-pyth-price
FN:516,router-swap-split-dia
FN:546,get-config
FN:561,get-clock
FN:579,get-status
FNDA:7,ask-of
FNDA:1,callback
FNDA:19,check-amount
FNDA:3,close-batch
FNDA:12,close-if-empty
FNDA:8,cooldown-tick
FNDA:28,current-mid
FNDA:5,dao-recall-sbtc
FNDA:4,dao-reclaim
FNDA:17,floor-of
FNDA:15,floor-out
FNDA:5,fuel-fair-book
FNDA:8,fund-from-treasury
FNDA:15,get-clock
FNDA:4,get-config
FNDA:43,get-dia-price
FNDA:43,get-dia-value
FNDA:16,get-no-pyth-price
FNDA:1,get-status
FNDA:78,is-dao-or-extension
FNDA:26,is-empty
FNDA:6,jing-place
FNDA:4,jing-reclaim
FNDA:4,jing-refloor
FNDA:3,jing-take
FNDA:6,open-window
FNDA:4,phase-limit
FNDA:5,reclaim-core
FNDA:9,router-swap
FNDA:6,router-swap-split
FNDA:12,router-swap-split-dia
FNDA:38,sbtc-balance
FNDA:7,set-dia-band-bps
FNDA:5,set-leeway-bps
FNDA:5,set-max-chunk-sats
FNDA:5,set-no-pyth-slippage-bps
FNDA:6,set-router-cooldown
FNDA:5,set-slippage-bps
FNDA:9,set-window-blocks
FNDA:40,window-elapsed
FNDA:25,window-open
FNF:41
FNH:41
DA:192,1
DA:193,78
DA:194,78
DA:195,78
DA:196,78
DA:197,14
DA:201,1
DA:202,1
DA:207,1
DA:208,5
DA:209,5
DA:210,4
DA:211,3
DA:212,3
DA:213,3
DA:215,1
DA:216,9
DA:217,9
DA:218,8
DA:219,7
DA:223,1
DA:224,5
DA:225,5
DA:226,4
DA:227,3
DA:231,1
DA:232,5
DA:233,5
DA:234,4
DA:235,3
DA:239,1
DA:240,5
DA:241,5
DA:242,4
DA:243,2
DA:247,1
DA:248,7
DA:249,7
DA:250,6
DA:251,5
DA:255,1
DA:256,6
DA:257,6
DA:258,5
DA:259,4
DA:267,1
DA:268,5
DA:269,5
DA:270,4
DA:271,3
DA:272,3
DA:274,3
DA:275,3
DA:279,1
DA:280,4
DA:281,4
DA:282,3
DA:293,1
DA:294,8
DA:295,8
DA:296,8
DA:297,8
DA:302,8
DA:304,8
DA:305,7
DA:306,7
DA:308,7
DA:309,7
DA:310,7
DA:318,1
DA:319,3
DA:320,3
DA:321,2
DA:322,1
DA:323,1
DA:331,1
DA:332,5
DA:333,5
DA:334,4
DA:335,4
DA:338,4
DA:339,4
DA:351,1
DA:352,6
DA:353,6
DA:355,6
DA:357,6
DA:358,5
DA:359,4
DA:360,4
DA:361,4
DA:364,4
DA:375,1
DA:376,4
DA:377,4
DA:378,4
DA:379,4
DA:380,4
DA:383,4
DA:384,3
DA:385,2
DA:386,2
DA:388,2
DA:398,1
DA:402,3
DA:403,3
DA:404,2
DA:405,1
DA:406,1
DA:407,1
DA:408,1
DA:411,1
DA:412,1
DA:413,1
DA:425,1
DA:426,4
DA:427,4
DA:428,2
DA:437,1
DA:441,9
DA:442,9
DA:443,5
DA:444,5
DA:445,5
DA:447,5
DA:448,4
DA:449,3
DA:450,1
DA:451,1
DA:452,1
DA:453,1
DA:454,1
DA:457,1
DA:458,1
DA:459,1
DA:460,1
DA:474,1
DA:482,6
DA:483,6
DA:484,6
DA:485,6
DA:486,0
DA:487,6
DA:488,6
DA:489,6
DA:491,6
DA:493,6
DA:494,5
DA:495,4
DA:496,3
DA:497,2
DA:498,1
DA:499,1
DA:500,1
DA:501,1
DA:502,1
DA:503,1
DA:506,1
DA:507,1
DA:508,1
DA:509,1
DA:516,1
DA:518,12
DA:519,12
DA:520,11
DA:521,10
DA:522,9
DA:523,8
DA:524,6
DA:525,5
DA:526,4
DA:527,4
DA:528,4
DA:529,4
DA:530,4
DA:531,4
DA:532,4
DA:533,4
DA:534,4
DA:535,2
DA:536,2
DA:537,2
DA:538,2
DA:539,2
DA:540,2
DA:546,1
DA:548,4
DA:549,4
DA:550,4
DA:551,4
DA:552,4
DA:553,4
DA:554,4
DA:555,4
DA:556,4
DA:557,4
DA:561,1
DA:562,15
DA:564,15
DA:565,15
DA:566,8
DA:567,7
DA:569,15
DA:570,15
DA:571,15
DA:579,1
DA:580,1
DA:582,1
DA:583,1
DA:584,1
DA:585,1
DA:586,1
DA:588,1
DA:594,1
DA:595,26
DA:596,26
DA:597,26
DA:598,20
DA:599,20
DA:608,1
DA:609,16
DA:610,6
DA:611,6
DA:612,5
DA:613,10
DA:614,0
DA:615,8
DA:616,8
DA:617,6
DA:619,1
DA:620,75
DA:621,75
DA:622,75
DA:623,75
DA:625,72
DA:626,72
DA:627,72
DA:629,72
DA:630,68
DA:631,64
DA:637,1
DA:638,43
DA:639,43
DA:640,32
DA:641,32
DA:643,32
DA:644,31
DA:648,1
DA:649,25
DA:650,15
DA:651,10
DA:655,1
DA:656,40
DA:657,31
DA:658,9
DA:664,1
DA:665,48
DA:669,1
DA:670,6
DA:674,1
DA:675,12
DA:682,1
DA:683,28
DA:684,28
DA:685,28
DA:687,28
DA:688,27
DA:689,26
DA:690,25
DA:691,24
DA:692,23
DA:694,1
DA:699,1
DA:700,7
DA:703,1
DA:704,17
DA:707,1
DA:708,4
DA:709,1
DA:710,3
DA:715,1
DA:716,41
DA:720,1
DA:721,8
DA:722,8
DA:723,7
DA:727,1
DA:728,19
DA:729,19
DA:730,15
DA:731,13
DA:735,1
DA:736,5
DA:737,5
DA:739,3
BRF:97
BRH:97
BRDA:193,0,0,78
BRDA:194,0,0,78
BRDA:195,0,1,78
BRDA:197,0,1,14
BRDA:210,0,0,4
BRDA:210,0,1,1
BRDA:218,0,0,8
BRDA:218,0,1,1
BRDA:226,0,0,4
BRDA:226,0,1,1
BRDA:234,0,0,4
BRDA:234,0,1,1
BRDA:242,0,0,4
BRDA:242,0,1,2
BRDA:242,1,0,4
BRDA:242,1,1,3
BRDA:250,0,0,6
BRDA:250,0,1,1
BRDA:258,0,0,5
BRDA:258,0,1,1
BRDA:270,0,0,4
BRDA:270,0,1,1
BRDA:302,0,0,8
BRDA:302,0,1,2
BRDA:304,0,0,8
BRDA:304,0,1,1
BRDA:308,0,0,7
BRDA:308,0,1,6
BRDA:320,0,0,3
BRDA:320,0,1,1
BRDA:321,0,0,2
BRDA:321,0,1,1
BRDA:333,0,0,5
BRDA:333,0,1,1
BRDA:357,0,0,6
BRDA:357,0,1,1
BRDA:384,0,0,3
BRDA:384,0,1,1
BRDA:404,0,0,2
BRDA:404,0,1,1
BRDA:427,0,0,4
BRDA:427,0,1,2
BRDA:447,0,0,5
BRDA:447,0,1,1
BRDA:448,0,0,4
BRDA:448,0,1,1
BRDA:494,0,0,5
BRDA:494,0,1,1
BRDA:495,0,0,4
BRDA:495,0,1,1
BRDA:496,0,0,3
BRDA:496,0,1,1
BRDA:520,0,0,11
BRDA:520,0,1,1
BRDA:521,0,0,10
BRDA:521,0,1,1
BRDA:522,0,0,9
BRDA:522,0,1,1
BRDA:566,0,0,8
BRDA:567,0,1,7
BRDA:597,0,0,26
BRDA:598,0,1,20
BRDA:599,0,2,20
BRDA:610,0,0,6
BRDA:611,0,0,6
BRDA:611,0,1,1
BRDA:613,0,1,10
BRDA:616,0,0,8
BRDA:616,0,1,2
BRDA:629,0,0,72
BRDA:629,0,1,4
BRDA:630,0,0,68
BRDA:630,0,1,4
BRDA:643,0,0,32
BRDA:643,0,1,1
BRDA:650,0,0,15
BRDA:651,0,1,10
BRDA:657,0,0,31
BRDA:658,0,1,9
BRDA:675,0,0,12
BRDA:675,0,1,9
BRDA:687,0,0,28
BRDA:687,0,1,1
BRDA:689,0,0,26
BRDA:690,0,0,25
BRDA:690,0,1,1
BRDA:691,0,0,24
BRDA:691,0,1,1
BRDA:694,0,1,1
BRDA:709,0,0,1
BRDA:710,0,1,3
BRDA:722,0,0,8
BRDA:722,0,1,1
BRDA:729,0,0,19
BRDA:729,0,1,4
BRDA:730,0,0,15
BRDA:730,0,1,2
end_of_record
